\BOOKMARK [0][-]{Doc-Start}{Title}{}% 1
\BOOKMARK [0][-]{chapter*.1}{Contents}{}% 2
\BOOKMARK [0][-]{chapter*.2}{List of Figures}{}% 3
\BOOKMARK [0][-]{chapter*.3}{List of Tables}{}% 4
\BOOKMARK [0][-]{chapter*.4}{Document Preparation and Updates}{}% 5
\BOOKMARK [0][-]{chapter.1}{Immunocomputing - Text Chapter 6}{}% 6
\BOOKMARK [1][-]{section.1.1}{Problem 6.1}{chapter.1}% 7
\BOOKMARK [2][-]{subsection.1.1.1}{Problem Information}{section.1.1}% 8
\BOOKMARK [2][-]{subsection.1.1.2}{Algorithm Description}{section.1.1}% 9
\BOOKMARK [2][-]{subsection.1.1.3}{Results}{section.1.1}% 10
\BOOKMARK [0][-]{chapter.2}{Immunocomputing - Text Chapter 6}{}% 11
\BOOKMARK [1][-]{section.2.1}{Problem 6.1}{chapter.2}% 12
\BOOKMARK [2][-]{subsection.2.1.1}{Problem Information}{section.2.1}% 13
\BOOKMARK [2][-]{subsection.2.1.2}{Algorithm Description}{section.2.1}% 14
\BOOKMARK [2][-]{subsection.2.1.3}{Results}{section.2.1}% 15
\BOOKMARK [0][-]{chapter.3}{Immunocomputing - Text Chapter 6}{}% 16
\BOOKMARK [1][-]{section.3.1}{Problem 6.1}{chapter.3}% 17
\BOOKMARK [2][-]{subsection.3.1.1}{Problem Information}{section.3.1}% 18
\BOOKMARK [2][-]{subsection.3.1.2}{Algorithm Description}{section.3.1}% 19
\BOOKMARK [2][-]{subsection.3.1.3}{Results}{section.3.1}% 20
\BOOKMARK [0][-]{chapter.4}{Immunocomputing - Text Chapter 6}{}% 21
\BOOKMARK [1][-]{section.4.1}{Problem 6.1}{chapter.4}% 22
\BOOKMARK [2][-]{subsection.4.1.1}{Problem Information}{section.4.1}% 23
\BOOKMARK [2][-]{subsection.4.1.2}{Algorithm Description}{section.4.1}% 24
\BOOKMARK [2][-]{subsection.4.1.3}{Results}{section.4.1}% 25
\BOOKMARK [0][-]{chapter.5}{Immunocomputing - Text Chapter 6}{}% 26
\BOOKMARK [1][-]{section.5.1}{Problem 6.1}{chapter.5}% 27
\BOOKMARK [2][-]{subsection.5.1.1}{Problem Information}{section.5.1}% 28
\BOOKMARK [2][-]{subsection.5.1.2}{Algorithm Description}{section.5.1}% 29
\BOOKMARK [2][-]{subsection.5.1.3}{Results}{section.5.1}% 30
\BOOKMARK [0][-]{appendix.A}{Code}{}% 31
